16:23:36.628 [com.intuit.karate.cli.Main.main()] INFO  com.intuit.karate - Karate version: 1.2.0
16:23:36.731 [com.intuit.karate.cli.Main.main()] DEBUG com.intuit.karate.Suite - [config] classpath:karate-config.js
16:23:36.741 [com.intuit.karate.cli.Main.main()] INFO  c.intuit.karate.core.FeatureRuntime - found scenario at line: 23
16:23:37.254 [com.intuit.karate.cli.Main.main()] INFO  com.intuit.karate - karate.env system property was: null 
16:23:37.476 [com.intuit.karate.cli.Main.main()] DEBUG com.intuit.karate - request:
1 > POST https://api.realworld.io/api/users/login
1 > Content-Type: application/json; charset=UTF-8
1 > Content-Length: 62
1 > Host: api.realworld.io
1 > Connection: Keep-Alive
1 > User-Agent: Apache-HttpClient/4.5.13 (Java/11.0.16.1)
1 > Accept-Encoding: gzip,deflate
{"user":{"email":"karateNew@test.com","password":"karate123"}}

16:23:38.587 [com.intuit.karate.cli.Main.main()] DEBUG com.intuit.karate - response time in milliseconds: 1108
1 < 200
1 < Date: Tue, 13 Sep 2022 08:23:38 GMT
1 < Content-Type: application/json; charset=utf-8
1 < Transfer-Encoding: chunked
1 < Connection: keep-alive
1 < X-Powered-By: Express
1 < Access-Control-Allow-Origin: *
1 < Etag: W/"130-8u3FpTZKvEkKWoysfPctCsSwFDY"
1 < Via: 1.1 vegur
1 < CF-Cache-Status: DYNAMIC
1 < Report-To: {"endpoints":[{"url":"https:\/\/a.nel.cloudflare.com\/report\/v3?s=6cpuuisJflSC3Zp6gIz1j%2FYnbls0T8wEU%2Bpu1axXXe9SXMwTuWUYffEXipMq9iUe3Rm951gdjvA1JFmmPjoA3wgX8BnGFY11d5dpi42wxNoGXg3tTMTOtfA4zDRSJRjMUCHN"}],"group":"cf-nel","max_age":604800}
1 < NEL: {"success_fraction":0,"report_to":"cf-nel","max_age":604800}
1 < Server: cloudflare
1 < CF-RAY: 749f7b5e19b2a081-SIN
1 < alt-svc: h3=":443"; ma=86400, h3-29=":443"; ma=86400
{"user":{"email":"karateNew@test.com","username":"karateNewTest","bio":null,"image":null,"token":"eyJhbGciOiJIUzI1NiIsInR5cCI6IkpXVCJ9.eyJlbWFpbCI6ImthcmF0ZU5ld0B0ZXN0LmNvbSIsInVzZXJuYW1lIjoia2FyYXRlTmV3VGVzdCIsImlhdCI6MTY2MzA1NzQxOCwiZXhwIjoxNjY4MjQxNDE4fQ.KqpQ5PZ6GrZrFH1alEAwZWejiLBu2_LdB5egqaZs50I"}}

16:23:38.602 [com.intuit.karate.cli.Main.main()] DEBUG com.intuit.karate - request:
2 > POST https://api.realworld.io/api/articles
2 > Authorization: Token eyJhbGciOiJIUzI1NiIsInR5cCI6IkpXVCJ9.eyJlbWFpbCI6ImthcmF0ZU5ld0B0ZXN0LmNvbSIsInVzZXJuYW1lIjoia2FyYXRlTmV3VGVzdCIsImlhdCI6MTY2MzA1NzQxOCwiZXhwIjoxNjY4MjQxNDE4fQ.KqpQ5PZ6GrZrFH1alEAwZWejiLBu2_LdB5egqaZs50I
2 > Content-Type: application/json; charset=UTF-8
2 > Content-Length: 95
2 > Host: api.realworld.io
2 > Connection: Keep-Alive
2 > User-Agent: Apache-HttpClient/4.5.13 (Java/11.0.16.1)
2 > Accept-Encoding: gzip,deflate
{"article":{"tagList":[],"title":"test article","description":"bla bla","body":"Long article"}}

16:23:39.378 [com.intuit.karate.cli.Main.main()] DEBUG com.intuit.karate - response time in milliseconds: 776
2 < 422
2 < Date: Tue, 13 Sep 2022 08:23:39 GMT
2 < Content-Type: application/json; charset=utf-8
2 < Content-Length: 39
2 < Connection: keep-alive
2 < X-Powered-By: Express
2 < Access-Control-Allow-Origin: *
2 < Etag: W/"27-BNeuaWQ7DHvW/r+pl+qdJiF06Is"
2 < Via: 1.1 vegur
2 < CF-Cache-Status: DYNAMIC
2 < Report-To: {"endpoints":[{"url":"https:\/\/a.nel.cloudflare.com\/report\/v3?s=o221Zf2%2B7GsmSiedReVWrE5hCRv4hdUC4OPQy6N1p9GF5WG%2BqxCYG%2FPv3NoLv6%2BoYgdg5A6TNqX76V%2BDYhH19lQsPym1jEM%2Bf8yjIJbxgp64Nin6yJD%2F0EY1hrLs8YKUkgVc"}],"group":"cf-nel","max_age":604800}
2 < NEL: {"success_fraction":0,"report_to":"cf-nel","max_age":604800}
2 < Server: cloudflare
2 < CF-RAY: 749f7b643c2f4d9f-SIN
2 < alt-svc: h3=":443"; ma=86400, h3-29=":443"; ma=86400
{"errors":{"title":["must be unique"]}}

16:23:39.385 [com.intuit.karate.cli.Main.main()] ERROR com.intuit.karate - src/test/java/conduitApp/feature/Articles.feature:34
Then status 200
status code was: 422, expected: 200, response time in milliseconds: 776, url: https://api.realworld.io/api/articles, response: 
{"errors":{"title":["must be unique"]}}
src/test/java/conduitApp/feature/Articles.feature:34
16:23:39.799 [com.intuit.karate.cli.Main.main()] INFO  com.intuit.karate.Suite - <<fail>> feature 1 of 1 (0 remaining) src/test/java/conduitApp/feature/Articles.feature
16:24:10.593 [main] INFO  com.intuit.karate.Runner - using system property 'karate.options': --tags @debug
16:24:10.947 [main] DEBUG com.intuit.karate.Suite - [config] classpath:karate-config.js
16:24:10.948 [main] INFO  com.intuit.karate.Suite - backed up existing 'target/karate-reports' dir to: target/karate-reports_1663057450948
16:24:10.950 [main] DEBUG com.intuit.karate.Suite - waiting for 2 features to complete
16:24:11.462 [pool-1-thread-1] INFO  com.intuit.karate - karate.env system property was: null 
16:24:11.626 [pool-1-thread-1] DEBUG com.intuit.karate - request:
1 > POST https://api.realworld.io/api/users/login
1 > Content-Type: application/json; charset=UTF-8
1 > Content-Length: 62
1 > Host: api.realworld.io
1 > Connection: Keep-Alive
1 > User-Agent: Apache-HttpClient/4.5.13 (Java/11.0.16.1)
1 > Accept-Encoding: gzip,deflate
{"user":{"email":"karateNew@test.com","password":"karate123"}}

16:24:12.446 [pool-1-thread-1] DEBUG com.intuit.karate - response time in milliseconds: 818
1 < 200
1 < Date: Tue, 13 Sep 2022 08:24:12 GMT
1 < Content-Type: application/json; charset=utf-8
1 < Transfer-Encoding: chunked
1 < Connection: keep-alive
1 < X-Powered-By: Express
1 < Access-Control-Allow-Origin: *
1 < Etag: W/"130-F5P8TuZKxu6KDWfq5Ji3lR7axMY"
1 < Via: 1.1 vegur
1 < CF-Cache-Status: DYNAMIC
1 < Report-To: {"endpoints":[{"url":"https:\/\/a.nel.cloudflare.com\/report\/v3?s=XmTl8zY%2FMNKgi3yQDWkAmR%2BzlevcGVVb9lbPeB6H6fyF%2BWr1y4MP8qoQmYaFAfiqk%2Fmi07uFyMfTVJiyZTqGEm6KqDDR0cPgtJF%2FinhE%2BkNz%2BEvMSiBcfWu7rwRZs15iUGE6"}],"group":"cf-nel","max_age":604800}
1 < NEL: {"success_fraction":0,"report_to":"cf-nel","max_age":604800}
1 < Server: cloudflare
1 < CF-RAY: 749f7c326c52471b-SIN
1 < alt-svc: h3=":443"; ma=86400, h3-29=":443"; ma=86400
{"user":{"email":"karateNew@test.com","username":"karateNewTest","bio":null,"image":null,"token":"eyJhbGciOiJIUzI1NiIsInR5cCI6IkpXVCJ9.eyJlbWFpbCI6ImthcmF0ZU5ld0B0ZXN0LmNvbSIsInVzZXJuYW1lIjoia2FyYXRlTmV3VGVzdCIsImlhdCI6MTY2MzA1NzQ1MiwiZXhwIjoxNjY4MjQxNDUyfQ.0iVGhArZEcG2T9borsWVc_Rr81frU-ejCdShyI-IRP4"}}

16:24:12.463 [pool-1-thread-1] DEBUG com.intuit.karate - request:
2 > POST https://api.realworld.io/api/articles
2 > Authorization: Token eyJhbGciOiJIUzI1NiIsInR5cCI6IkpXVCJ9.eyJlbWFpbCI6ImthcmF0ZU5ld0B0ZXN0LmNvbSIsInVzZXJuYW1lIjoia2FyYXRlTmV3VGVzdCIsImlhdCI6MTY2MzA1NzQ1MiwiZXhwIjoxNjY4MjQxNDUyfQ.0iVGhArZEcG2T9borsWVc_Rr81frU-ejCdShyI-IRP4
2 > Content-Type: application/json; charset=UTF-8
2 > Content-Length: 95
2 > Host: api.realworld.io
2 > Connection: Keep-Alive
2 > User-Agent: Apache-HttpClient/4.5.13 (Java/11.0.16.1)
2 > Accept-Encoding: gzip,deflate
{"article":{"tagList":[],"title":"test article","description":"bla bla","body":"Long article"}}

16:24:13.074 [pool-1-thread-1] DEBUG com.intuit.karate - response time in milliseconds: 611
2 < 200
2 < Date: Tue, 13 Sep 2022 08:24:13 GMT
2 < Content-Type: application/json; charset=utf-8
2 < Transfer-Encoding: chunked
2 < Connection: keep-alive
2 < X-Powered-By: Express
2 < Access-Control-Allow-Origin: *
2 < Etag: W/"16d-08hdwXFzCYRV9HTQUqrqODy0bbs"
2 < Via: 1.1 vegur
2 < CF-Cache-Status: DYNAMIC
2 < Report-To: {"endpoints":[{"url":"https:\/\/a.nel.cloudflare.com\/report\/v3?s=ELHLIORcYvfCSk2ikN8TDGD%2FKGOp5k2XRvgOrjVqfW%2FPFYBi%2FcBvTcdk4TauEL1oTD9Vw3QtoIi1cRsZDRXbfj%2BNqnJf3dy3bRDElbEVgf9x34XrkGoCmRu60toW1TCiNfOf"}],"group":"cf-nel","max_age":604800}
2 < NEL: {"success_fraction":0,"report_to":"cf-nel","max_age":604800}
2 < Server: cloudflare
2 < CF-RAY: 749f7c36edd991a2-SIN
2 < alt-svc: h3=":443"; ma=86400, h3-29=":443"; ma=86400
{"article":{"slug":"test-article-98520","title":"test article","description":"bla bla","body":"Long article","tagList":[],"createdAt":"2022-09-13T08:24:13.002Z","updatedAt":"2022-09-13T08:24:13.002Z","favorited":false,"favoritesCount":0,"author":{"username":"karateNewTest","bio":null,"image":"https://api.realworld.io/images/smiley-cyrus.jpeg","following":false}}}

16:24:13.095 [pool-1-thread-1] DEBUG com.intuit.karate - request:
3 > GET https://api.realworld.io/api/articles?offset=0&limit=10
3 > Authorization: Token eyJhbGciOiJIUzI1NiIsInR5cCI6IkpXVCJ9.eyJlbWFpbCI6ImthcmF0ZU5ld0B0ZXN0LmNvbSIsInVzZXJuYW1lIjoia2FyYXRlTmV3VGVzdCIsImlhdCI6MTY2MzA1NzQ1MiwiZXhwIjoxNjY4MjQxNDUyfQ.0iVGhArZEcG2T9borsWVc_Rr81frU-ejCdShyI-IRP4
3 > Host: api.realworld.io
3 > Connection: Keep-Alive
3 > User-Agent: Apache-HttpClient/4.5.13 (Java/11.0.16.1)
3 > Accept-Encoding: gzip,deflate


16:24:13.972 [pool-1-thread-1] DEBUG com.intuit.karate - response time in milliseconds: 876
3 < 200
3 < Date: Tue, 13 Sep 2022 08:24:14 GMT
3 < Content-Type: application/json; charset=utf-8
3 < Transfer-Encoding: chunked
3 < Connection: keep-alive
3 < X-Powered-By: Express
3 < Access-Control-Allow-Origin: *
3 < Etag: W/"840-kS7ucMi2EACS5SARs4RwH20ZHhY"
3 < Via: 1.1 vegur
3 < CF-Cache-Status: DYNAMIC
3 < Report-To: {"endpoints":[{"url":"https:\/\/a.nel.cloudflare.com\/report\/v3?s=9qb3cLNIUvTIA2p4dEggBhkDaCHPAwhRizQYayUdEikaWcZofSGFaTi6aX3AlgasjXJar2gQUDTZQYHKNGFzUMf3b24v6o2uU83xMsY9goUQEYlTGTFoVWrordzvIN8QWZ4%2B"}],"group":"cf-nel","max_age":604800}
3 < NEL: {"success_fraction":0,"report_to":"cf-nel","max_age":604800}
3 < Server: cloudflare
3 < CF-RAY: 749f7c3a9a8046e5-SIN
3 < alt-svc: h3=":443"; ma=86400, h3-29=":443"; ma=86400
{"articles":[{"slug":"test-article-98520","title":"test article","description":"bla bla","body":"Long article","tagList":[],"createdAt":"2022-09-13T08:24:13.002Z","updatedAt":"2022-09-13T08:24:13.002Z","favorited":false,"favoritesCount":0,"author":{"username":"karateNewTest","bio":null,"image":"https://api.realworld.io/images/smiley-cyrus.jpeg","following":false}},{"slug":"Create-a-new-implementation-1","title":"Create a new implementation","description":"join the community by creating a new implementation","body":"Share your knowledge and enpower the community by creating a new implementation","tagList":["implementations"],"createdAt":"2021-11-24T12:11:08.212Z","updatedAt":"2021-11-24T12:11:08.212Z","favorited":false,"favoritesCount":3839,"author":{"username":"Gerome","bio":null,"image":"https://api.realworld.io/images/demo-avatar.png","following":false}},{"slug":"Explore-implementations-1","title":"Explore implementations","description":"discover the implementations created by the RealWorld community","body":"Over 100 implementations have been created using various languages, libraries, and frameworks.\n\nExplore them on CodebaseShow.","tagList":["codebaseShow","implementations"],"createdAt":"2021-11-24T12:11:07.952Z","updatedAt":"2021-11-24T12:11:07.952Z","favorited":false,"favoritesCount":2224,"author":{"username":"Gerome","bio":null,"image":"https://api.realworld.io/images/demo-avatar.png","following":false}},{"slug":"Welcome-to-RealWorld-project-1","title":"Welcome to RealWorld project","description":"Exemplary fullstack Medium.com clone powered by React, Angular, Node, Django, and many more","body":"See how the exact same Medium.com clone (called Conduit) is built using different frontends and backends. Yes, you can mix and match them, because they all adhere to the same API spec","tagList":["welcome","introduction"],"createdAt":"2021-11-24T12:11:07.557Z","updatedAt":"2021-11-24T12:11:07.557Z","favorited":false,"favoritesCount":1597,"author":{"username":"Gerome","bio":null,"image":"https://api.realworld.io/images/demo-avatar.png","following":false}}],"articlesCount":4}

16:24:13.982 [pool-1-thread-1] DEBUG com.intuit.karate - request:
4 > DELETE https://api.realworld.io/api/articles/test-article-98520
4 > Authorization: Token eyJhbGciOiJIUzI1NiIsInR5cCI6IkpXVCJ9.eyJlbWFpbCI6ImthcmF0ZU5ld0B0ZXN0LmNvbSIsInVzZXJuYW1lIjoia2FyYXRlTmV3VGVzdCIsImlhdCI6MTY2MzA1NzQ1MiwiZXhwIjoxNjY4MjQxNDUyfQ.0iVGhArZEcG2T9borsWVc_Rr81frU-ejCdShyI-IRP4
4 > Host: api.realworld.io
4 > Connection: Keep-Alive
4 > User-Agent: Apache-HttpClient/4.5.13 (Java/11.0.16.1)
4 > Accept-Encoding: gzip,deflate


16:24:14.665 [pool-1-thread-1] DEBUG com.intuit.karate - response time in milliseconds: 683
4 < 200
4 < Date: Tue, 13 Sep 2022 08:24:14 GMT
4 < Content-Type: application/json; charset=utf-8
4 < Content-Length: 2
4 < Connection: keep-alive
4 < X-Powered-By: Express
4 < Access-Control-Allow-Origin: *
4 < Etag: W/"2-vyGp6PvFo4RvsFtPoIWeCReyIC8"
4 < Via: 1.1 vegur
4 < CF-Cache-Status: DYNAMIC
4 < Report-To: {"endpoints":[{"url":"https:\/\/a.nel.cloudflare.com\/report\/v3?s=aO4CAl6%2BrLBBR%2FNUUS7g6sPv599nnPEVelosIexKGi3Hlh15AjZr1LE67osHCuaz%2FgHE3g4xnpEFbAkbMVPyXR%2F02Sv%2FhlmsB5%2B5V0iGDuoA61R6gHCXh9w033Ymr92KL89V"}],"group":"cf-nel","max_age":604800}
4 < NEL: {"success_fraction":0,"report_to":"cf-nel","max_age":604800}
4 < Server: cloudflare
4 < CF-RAY: 749f7c4068ff6bf3-SIN
4 < alt-svc: h3=":443"; ma=86400, h3-29=":443"; ma=86400
{}

16:24:14.670 [pool-1-thread-1] DEBUG com.intuit.karate - request:
5 > GET https://api.realworld.io/api/articles?offset=0&limit=10
5 > Host: api.realworld.io
5 > Connection: Keep-Alive
5 > User-Agent: Apache-HttpClient/4.5.13 (Java/11.0.16.1)
5 > Accept-Encoding: gzip,deflate


16:24:15.506 [pool-1-thread-1] DEBUG com.intuit.karate - response time in milliseconds: 835
5 < 200
5 < Date: Tue, 13 Sep 2022 08:24:15 GMT
5 < Content-Type: application/json; charset=utf-8
5 < Transfer-Encoding: chunked
5 < Connection: keep-alive
5 < X-Powered-By: Express
5 < Access-Control-Allow-Origin: *
5 < Etag: W/"6de-wpbaYW65anze/1q9VXLW00P12Ck"
5 < Via: 1.1 vegur
5 < CF-Cache-Status: DYNAMIC
5 < Report-To: {"endpoints":[{"url":"https:\/\/a.nel.cloudflare.com\/report\/v3?s=uWRYnAOE9Nilx2Y8kJNvMG7zLRF8Bh35I0BrTBvjrgPzgny%2BOqYkFlTzBiiHGsYrKQJZ6eFbBJLEKryuAe43EUgQJ3DbNIGSlj6EC%2FYP2T53dVYD13c2YkGbglGk3QYvk5MK"}],"group":"cf-nel","max_age":604800}
5 < NEL: {"success_fraction":0,"report_to":"cf-nel","max_age":604800}
5 < Server: cloudflare
5 < CF-RAY: 749f7c447c0d87bf-SIN
5 < alt-svc: h3=":443"; ma=86400, h3-29=":443"; ma=86400
{"articles":[{"slug":"Create-a-new-implementation-1","title":"Create a new implementation","description":"join the community by creating a new implementation","body":"Share your knowledge and enpower the community by creating a new implementation","tagList":["implementations"],"createdAt":"2021-11-24T12:11:08.212Z","updatedAt":"2021-11-24T12:11:08.212Z","favorited":false,"favoritesCount":3839,"author":{"username":"Gerome","bio":null,"image":"https://api.realworld.io/images/demo-avatar.png","following":false}},{"slug":"Explore-implementations-1","title":"Explore implementations","description":"discover the implementations created by the RealWorld community","body":"Over 100 implementations have been created using various languages, libraries, and frameworks.\n\nExplore them on CodebaseShow.","tagList":["codebaseShow","implementations"],"createdAt":"2021-11-24T12:11:07.952Z","updatedAt":"2021-11-24T12:11:07.952Z","favorited":false,"favoritesCount":2224,"author":{"username":"Gerome","bio":null,"image":"https://api.realworld.io/images/demo-avatar.png","following":false}},{"slug":"Welcome-to-RealWorld-project-1","title":"Welcome to RealWorld project","description":"Exemplary fullstack Medium.com clone powered by React, Angular, Node, Django, and many more","body":"See how the exact same Medium.com clone (called Conduit) is built using different frontends and backends. Yes, you can mix and match them, because they all adhere to the same API spec","tagList":["welcome","introduction"],"createdAt":"2021-11-24T12:11:07.557Z","updatedAt":"2021-11-24T12:11:07.557Z","favorited":false,"favoritesCount":1597,"author":{"username":"Gerome","bio":null,"image":"https://api.realworld.io/images/demo-avatar.png","following":false}}],"articlesCount":3}

16:24:15.942 [pool-2-thread-1] INFO  com.intuit.karate.Suite - <<pass>> feature 1 of 2 (1 remaining) classpath:conduitApp/feature/Articles.feature
16:03:38.457 [main] INFO  com.intuit.karate.Runner - using system property 'karate.options': --tags @debug
16:03:38.854 [main] DEBUG com.intuit.karate.Suite - [config] classpath:karate-config.js
16:03:38.856 [main] INFO  com.intuit.karate.Suite - backed up existing 'target/karate-reports' dir to: target/karate-reports_1663574618855
16:03:38.859 [main] DEBUG com.intuit.karate.Suite - waiting for 2 features to complete
16:03:39.467 [pool-1-thread-1] INFO  com.intuit.karate - karate.env system property was: null 
16:03:39.679 [pool-1-thread-1] DEBUG com.intuit.karate - request:
1 > POST https://api.realworld.io/api/users/login
1 > Content-Type: application/json; charset=UTF-8
1 > Content-Length: 62
1 > Host: api.realworld.io
1 > Connection: Keep-Alive
1 > User-Agent: Apache-HttpClient/4.5.13 (Java/11.0.16.1)
1 > Accept-Encoding: gzip,deflate
{"user":{"email":"karateNew@test.com","password":"karate123"}}

16:03:40.788 [pool-1-thread-1] DEBUG com.intuit.karate - response time in milliseconds: 1107
1 < 200
1 < Date: Mon, 19 Sep 2022 08:03:40 GMT
1 < Content-Type: application/json; charset=utf-8
1 < Transfer-Encoding: chunked
1 < Connection: keep-alive
1 < X-Powered-By: Express
1 < Access-Control-Allow-Origin: *
1 < Etag: W/"130-ujSqICeBiYVD928mub3qi+nf01o"
1 < Via: 1.1 vegur
1 < CF-Cache-Status: DYNAMIC
1 < Report-To: {"endpoints":[{"url":"https:\/\/a.nel.cloudflare.com\/report\/v3?s=nUweDZ0oBj7JdNr2WhD552cbQeFl%2FrAU6WCef1842khvGsTKWo2G12N8ji0qUyZdqcGM602FpTjMwqnJAfrZj3blI5eeji3AsOe0vp2RC%2BNXUga6HIVktsbhwjMXU6hyPpPd"}],"group":"cf-nel","max_age":604800}
1 < NEL: {"success_fraction":0,"report_to":"cf-nel","max_age":604800}
1 < Server: cloudflare
1 < CF-RAY: 74d0ce60bbd89f92-SIN
1 < alt-svc: h3=":443"; ma=86400, h3-29=":443"; ma=86400
{"user":{"email":"karateNew@test.com","username":"karateNewTest","bio":null,"image":null,"token":"eyJhbGciOiJIUzI1NiIsInR5cCI6IkpXVCJ9.eyJlbWFpbCI6ImthcmF0ZU5ld0B0ZXN0LmNvbSIsInVzZXJuYW1lIjoia2FyYXRlTmV3VGVzdCIsImlhdCI6MTY2MzU3NDYyMCwiZXhwIjoxNjY4NzU4NjIwfQ.pkFXnsWnpFTIz1J6drdNbFV61WWm7DjsHfNtDdxsKLQ"}}

16:03:40.809 [pool-1-thread-1] DEBUG com.intuit.karate - request:
2 > POST https://api.realworld.io/api/articles
2 > Authorization: Token eyJhbGciOiJIUzI1NiIsInR5cCI6IkpXVCJ9.eyJlbWFpbCI6ImthcmF0ZU5ld0B0ZXN0LmNvbSIsInVzZXJuYW1lIjoia2FyYXRlTmV3VGVzdCIsImlhdCI6MTY2MzU3NDYyMCwiZXhwIjoxNjY4NzU4NjIwfQ.pkFXnsWnpFTIz1J6drdNbFV61WWm7DjsHfNtDdxsKLQ
2 > Content-Type: application/json; charset=UTF-8
2 > Content-Length: 95
2 > Host: api.realworld.io
2 > Connection: Keep-Alive
2 > User-Agent: Apache-HttpClient/4.5.13 (Java/11.0.16.1)
2 > Accept-Encoding: gzip,deflate
{"article":{"tagList":[],"title":"test article","description":"bla bla","body":"Long article"}}

16:03:41.433 [pool-1-thread-1] DEBUG com.intuit.karate - response time in milliseconds: 624
2 < 200
2 < Date: Mon, 19 Sep 2022 08:03:41 GMT
2 < Content-Type: application/json; charset=utf-8
2 < Transfer-Encoding: chunked
2 < Connection: keep-alive
2 < X-Powered-By: Express
2 < Access-Control-Allow-Origin: *
2 < Etag: W/"16d-/CUDFrhbhJJun4SHSccn16saS54"
2 < Via: 1.1 vegur
2 < CF-Cache-Status: DYNAMIC
2 < Report-To: {"endpoints":[{"url":"https:\/\/a.nel.cloudflare.com\/report\/v3?s=ub0p%2BnEBmcce2XErJx5LXgCskqlb7kfi6eGkGS1N5M6K4scmaS6iLBPesawituGX6AIBNOhsY2LBTa8GzosaVPPH88%2F2Aus3MA7XcqoyeaGT7bfOiRQUoLol0CUAkAv4W%2B8B"}],"group":"cf-nel","max_age":604800}
2 < NEL: {"success_fraction":0,"report_to":"cf-nel","max_age":604800}
2 < Server: cloudflare
2 < CF-RAY: 74d0ce652ee0a039-SIN
2 < alt-svc: h3=":443"; ma=86400, h3-29=":443"; ma=86400
{"article":{"slug":"test-article-98520","title":"test article","description":"bla bla","body":"Long article","tagList":[],"createdAt":"2022-09-19T08:03:41.373Z","updatedAt":"2022-09-19T08:03:41.373Z","favorited":false,"favoritesCount":0,"author":{"username":"karateNewTest","bio":null,"image":"https://api.realworld.io/images/smiley-cyrus.jpeg","following":false}}}

16:03:41.446 [pool-1-thread-1] DEBUG com.intuit.karate - request:
3 > GET https://api.realworld.io/api/articles?offset=0&limit=10
3 > Authorization: Token eyJhbGciOiJIUzI1NiIsInR5cCI6IkpXVCJ9.eyJlbWFpbCI6ImthcmF0ZU5ld0B0ZXN0LmNvbSIsInVzZXJuYW1lIjoia2FyYXRlTmV3VGVzdCIsImlhdCI6MTY2MzU3NDYyMCwiZXhwIjoxNjY4NzU4NjIwfQ.pkFXnsWnpFTIz1J6drdNbFV61WWm7DjsHfNtDdxsKLQ
3 > Host: api.realworld.io
3 > Connection: Keep-Alive
3 > User-Agent: Apache-HttpClient/4.5.13 (Java/11.0.16.1)
3 > Accept-Encoding: gzip,deflate


16:03:42.496 [pool-1-thread-1] DEBUG com.intuit.karate - response time in milliseconds: 1050
3 < 200
3 < Date: Mon, 19 Sep 2022 08:03:42 GMT
3 < Content-Type: application/json; charset=utf-8
3 < Transfer-Encoding: chunked
3 < Connection: keep-alive
3 < X-Powered-By: Express
3 < Access-Control-Allow-Origin: *
3 < Etag: W/"840-e+L+kyrdhqUW8ukha5Z3ctNp41s"
3 < Via: 1.1 vegur
3 < CF-Cache-Status: DYNAMIC
3 < Report-To: {"endpoints":[{"url":"https:\/\/a.nel.cloudflare.com\/report\/v3?s=0udCGxtIrY04AtkBzpQCtbDWtlTDjJ%2BJ1IicWnpwzzIs4SaseV1nqHHAWNIAySl0yK5I6S%2FdapyR1ZJUNdtpxSg4T3mTBovOtZzOAsXtbXmDOa02WPcNe1Y1sYhy1cdW%2BAUa"}],"group":"cf-nel","max_age":604800}
3 < NEL: {"success_fraction":0,"report_to":"cf-nel","max_age":604800}
3 < Server: cloudflare
3 < CF-RAY: 74d0ce69bb0648dc-SIN
3 < alt-svc: h3=":443"; ma=86400, h3-29=":443"; ma=86400
{"articles":[{"slug":"test-article-98520","title":"test article","description":"bla bla","body":"Long article","tagList":[],"createdAt":"2022-09-19T08:03:41.373Z","updatedAt":"2022-09-19T08:03:41.373Z","favorited":false,"favoritesCount":0,"author":{"username":"karateNewTest","bio":null,"image":"https://api.realworld.io/images/smiley-cyrus.jpeg","following":false}},{"slug":"Create-a-new-implementation-1","title":"Create a new implementation","description":"join the community by creating a new implementation","body":"Share your knowledge and enpower the community by creating a new implementation","tagList":["implementations"],"createdAt":"2021-11-24T12:11:08.212Z","updatedAt":"2021-11-24T12:11:08.212Z","favorited":false,"favoritesCount":3916,"author":{"username":"Gerome","bio":null,"image":"https://api.realworld.io/images/demo-avatar.png","following":false}},{"slug":"Explore-implementations-1","title":"Explore implementations","description":"discover the implementations created by the RealWorld community","body":"Over 100 implementations have been created using various languages, libraries, and frameworks.\n\nExplore them on CodebaseShow.","tagList":["codebaseShow","implementations"],"createdAt":"2021-11-24T12:11:07.952Z","updatedAt":"2021-11-24T12:11:07.952Z","favorited":false,"favoritesCount":2270,"author":{"username":"Gerome","bio":null,"image":"https://api.realworld.io/images/demo-avatar.png","following":false}},{"slug":"Welcome-to-RealWorld-project-1","title":"Welcome to RealWorld project","description":"Exemplary fullstack Medium.com clone powered by React, Angular, Node, Django, and many more","body":"See how the exact same Medium.com clone (called Conduit) is built using different frontends and backends. Yes, you can mix and match them, because they all adhere to the same API spec","tagList":["welcome","introduction"],"createdAt":"2021-11-24T12:11:07.557Z","updatedAt":"2021-11-24T12:11:07.557Z","favorited":false,"favoritesCount":1632,"author":{"username":"Gerome","bio":null,"image":"https://api.realworld.io/images/demo-avatar.png","following":false}}],"articlesCount":4}

16:03:42.515 [pool-1-thread-1] DEBUG com.intuit.karate - request:
4 > DELETE https://api.realworld.io/api/articles/test-article-98520
4 > Authorization: Token eyJhbGciOiJIUzI1NiIsInR5cCI6IkpXVCJ9.eyJlbWFpbCI6ImthcmF0ZU5ld0B0ZXN0LmNvbSIsInVzZXJuYW1lIjoia2FyYXRlTmV3VGVzdCIsImlhdCI6MTY2MzU3NDYyMCwiZXhwIjoxNjY4NzU4NjIwfQ.pkFXnsWnpFTIz1J6drdNbFV61WWm7DjsHfNtDdxsKLQ
4 > Host: api.realworld.io
4 > Connection: Keep-Alive
4 > User-Agent: Apache-HttpClient/4.5.13 (Java/11.0.16.1)
4 > Accept-Encoding: gzip,deflate


16:03:43.332 [pool-1-thread-1] DEBUG com.intuit.karate - response time in milliseconds: 816
4 < 200
4 < Date: Mon, 19 Sep 2022 08:03:43 GMT
4 < Content-Type: application/json; charset=utf-8
4 < Content-Length: 2
4 < Connection: keep-alive
4 < X-Powered-By: Express
4 < Access-Control-Allow-Origin: *
4 < Etag: W/"2-vyGp6PvFo4RvsFtPoIWeCReyIC8"
4 < Via: 1.1 vegur
4 < CF-Cache-Status: DYNAMIC
4 < Report-To: {"endpoints":[{"url":"https:\/\/a.nel.cloudflare.com\/report\/v3?s=xqcz%2Ba%2FJP2Ul0V8rNqAePYw7%2BRu2BWehIpWC0v0YmEREkmqRTuHAbby%2FFSHBu0dyz0i4NFeS1okKfU979NpmWXMMFF4LVRO5IP0Q8BC3mVhrdF31ePQJ1ApiGVR7vQMmAbDx"}],"group":"cf-nel","max_age":604800}
4 < NEL: {"success_fraction":0,"report_to":"cf-nel","max_age":604800}
4 < Server: cloudflare
4 < CF-RAY: 74d0ce7098c3a12f-SIN
4 < alt-svc: h3=":443"; ma=86400, h3-29=":443"; ma=86400
{}

16:03:43.337 [pool-1-thread-1] DEBUG com.intuit.karate - request:
5 > GET https://api.realworld.io/api/articles?offset=0&limit=10
5 > Host: api.realworld.io
5 > Connection: Keep-Alive
5 > User-Agent: Apache-HttpClient/4.5.13 (Java/11.0.16.1)
5 > Accept-Encoding: gzip,deflate


16:03:44.176 [pool-1-thread-1] DEBUG com.intuit.karate - response time in milliseconds: 838
5 < 200
5 < Date: Mon, 19 Sep 2022 08:03:44 GMT
5 < Content-Type: application/json; charset=utf-8
5 < Transfer-Encoding: chunked
5 < Connection: keep-alive
5 < X-Powered-By: Express
5 < Access-Control-Allow-Origin: *
5 < Etag: W/"6de-e+Igno07oxRg5+Dn2hBD43FIOzQ"
5 < Via: 1.1 vegur
5 < CF-Cache-Status: DYNAMIC
5 < Report-To: {"endpoints":[{"url":"https:\/\/a.nel.cloudflare.com\/report\/v3?s=cg4ZRaQiQwiIpGu6tpIM17D8DaDOd4oc0jXboVTx8olMCJLQk7pJcq0j3q21IdwBmFuK5JNgjXSSGZ9g8%2FItOTVR409BOwam%2BsQoVEKnN11TZmnAEow12DRluI0V0hsRw5bF"}],"group":"cf-nel","max_age":604800}
5 < NEL: {"success_fraction":0,"report_to":"cf-nel","max_age":604800}
5 < Server: cloudflare
5 < CF-RAY: 74d0ce74fdea190c-SIN
5 < alt-svc: h3=":443"; ma=86400, h3-29=":443"; ma=86400
{"articles":[{"slug":"Create-a-new-implementation-1","title":"Create a new implementation","description":"join the community by creating a new implementation","body":"Share your knowledge and enpower the community by creating a new implementation","tagList":["implementations"],"createdAt":"2021-11-24T12:11:08.212Z","updatedAt":"2021-11-24T12:11:08.212Z","favorited":false,"favoritesCount":3916,"author":{"username":"Gerome","bio":null,"image":"https://api.realworld.io/images/demo-avatar.png","following":false}},{"slug":"Explore-implementations-1","title":"Explore implementations","description":"discover the implementations created by the RealWorld community","body":"Over 100 implementations have been created using various languages, libraries, and frameworks.\n\nExplore them on CodebaseShow.","tagList":["codebaseShow","implementations"],"createdAt":"2021-11-24T12:11:07.952Z","updatedAt":"2021-11-24T12:11:07.952Z","favorited":false,"favoritesCount":2270,"author":{"username":"Gerome","bio":null,"image":"https://api.realworld.io/images/demo-avatar.png","following":false}},{"slug":"Welcome-to-RealWorld-project-1","title":"Welcome to RealWorld project","description":"Exemplary fullstack Medium.com clone powered by React, Angular, Node, Django, and many more","body":"See how the exact same Medium.com clone (called Conduit) is built using different frontends and backends. Yes, you can mix and match them, because they all adhere to the same API spec","tagList":["welcome","introduction"],"createdAt":"2021-11-24T12:11:07.557Z","updatedAt":"2021-11-24T12:11:07.557Z","favorited":false,"favoritesCount":1632,"author":{"username":"Gerome","bio":null,"image":"https://api.realworld.io/images/demo-avatar.png","following":false}}],"articlesCount":3}

16:03:44.630 [pool-2-thread-1] INFO  com.intuit.karate.Suite - <<pass>> feature 1 of 2 (1 remaining) classpath:conduitApp/feature/Articles.feature
